# JRE version: OpenJDK Runtime Environment (8.0_242-b01) (build 1.8.0_242-release-1644-b01)
# Java VM: OpenJDK 64-Bit Server VM (25.242-b01 mixed mode windows-amd64 compressed oops)
Heap:
 PSYoungGen      total 290816K, used 78410K [0x00000000d5580000, 0x00000000f0080000, 0x0000000100000000)
  eden space 268288K, 20% used [0x00000000d5580000,0x00000000d8c129c0,0x00000000e5b80000)
  from space 22528K, 99% used [0x00000000eea80000,0x00000000f007ff18,0x00000000f0080000)
  to   space 19968K, 0% used [0x00000000e5b80000,0x00000000e5b80000,0x00000000e6f00000)
 ParOldGen       total 89088K, used 43167K [0x0000000080000000, 0x0000000085700000, 0x00000000d5580000)
  object space 89088K, 48% used [0x0000000080000000,0x0000000082a27e78,0x0000000085700000)
 Metaspace       used 74988K, capacity 78982K, committed 79064K, reserved 1118208K
  class space    used 10242K, capacity 10980K, committed 11008K, reserved 1048576K
GC Heap History (10 events):
Event: 18.923 GC heap before
{Heap before GC invocations=13 (full 2):
 PSYoungGen      total 198144K, used 196485K [0x00000000d5580000, 0x00000000e2600000, 0x0000000100000000)
  eden space 187904K, 100% used [0x00000000d5580000,0x00000000e0d00000,0x00000000e0d00000)
  from space 10240K, 83% used [0x00000000e1c00000,0x00000000e2461710,0x00000000e2600000)
  to   space 12800K, 0% used [0x00000000e0d00000,0x00000000e0d00000,0x00000000e1980000)
 ParOldGen       total 65024K, used 17610K [0x0000000080000000, 0x0000000083f80000, 0x00000000d5580000)
  object space 65024K, 27% used [0x0000000080000000,0x0000000081132b38,0x0000000083f80000)
 Metaspace       used 56146K, capacity 58494K, committed 58584K, reserved 1099776K
  class space    used 7669K, capacity 8174K, committed 8192K, reserved 1048576K
Event: 18.946 GC heap after
Heap after GC invocations=13 (full 2):
 PSYoungGen      total 200704K, used 12782K [0x00000000d5580000, 0x00000000e8280000, 0x0000000100000000)
  eden space 187904K, 0% used [0x00000000d5580000,0x00000000d5580000,0x00000000e0d00000)
  from space 12800K, 99% used [0x00000000e0d00000,0x00000000e197ba30,0x00000000e1980000)
  to   space 19968K, 0% used [0x00000000e6f00000,0x00000000e6f00000,0x00000000e8280000)
 ParOldGen       total 65024K, used 32334K [0x0000000080000000, 0x0000000083f80000, 0x00000000d5580000)
  object space 65024K, 49% used [0x0000000080000000,0x0000000081f938b0,0x0000000083f80000)
 Metaspace       used 56146K, capacity 58494K, committed 58584K, reserved 1099776K
  class space    used 7669K, capacity 8174K, committed 8192K, reserved 1048576K
}
Event: 19.008 GC heap before
{Heap before GC invocations=14 (full 2):
 PSYoungGen      total 200704K, used 19553K [0x00000000d5580000, 0x00000000e8280000, 0x0000000100000000)
  eden space 187904K, 3% used [0x00000000d5580000,0x00000000d5c1cc08,0x00000000e0d00000)
  from space 12800K, 99% used [0x00000000e0d00000,0x00000000e197ba30,0x00000000e1980000)
  to   space 19968K, 0% used [0x00000000e6f00000,0x00000000e6f00000,0x00000000e8280000)
 ParOldGen       total 65024K, used 32334K [0x0000000080000000, 0x0000000083f80000, 0x00000000d5580000)
  object space 65024K, 49% used [0x0000000080000000,0x0000000081f938b0,0x0000000083f80000)
 Metaspace       used 56453K, capacity 58812K, committed 58968K, reserved 1099776K
  class space    used 7720K, capacity 8209K, committed 8320K, reserved 1048576K
Event: 19.023 GC heap after
Heap after GC invocations=14 (full 2):
 PSYoungGen      total 288256K, used 640K [0x00000000d5580000, 0x00000000e8b00000, 0x0000000100000000)
  eden space 268288K, 0% used [0x00000000d5580000,0x00000000d5580000,0x00000000e5b80000)
  from space 19968K, 3% used [0x00000000e6f00000,0x00000000e6fa0000,0x00000000e8280000)
  to   space 19968K, 0% used [0x00000000e5b80000,0x00000000e5b80000,0x00000000e6f00000)
 ParOldGen       total 65024K, used 43733K [0x0000000080000000, 0x0000000083f80000, 0x00000000d5580000)
  object space 65024K, 67% used [0x0000000080000000,0x0000000082ab5660,0x0000000083f80000)
 Metaspace       used 56453K, capacity 58812K, committed 58968K, reserved 1099776K
  class space    used 7720K, capacity 8209K, committed 8320K, reserved 1048576K
}
Event: 19.023 GC heap before
{Heap before GC invocations=15 (full 3):
 PSYoungGen      total 288256K, used 640K [0x00000000d5580000, 0x00000000e8b00000, 0x0000000100000000)
  eden space 268288K, 0% used [0x00000000d5580000,0x00000000d5580000,0x00000000e5b80000)
  from space 19968K, 3% used [0x00000000e6f00000,0x00000000e6fa0000,0x00000000e8280000)
  to   space 19968K, 0% used [0x00000000e5b80000,0x00000000e5b80000,0x00000000e6f00000)
 ParOldGen       total 65024K, used 43733K [0x0000000080000000, 0x0000000083f80000, 0x00000000d5580000)
  object space 65024K, 67% used [0x0000000080000000,0x0000000082ab5660,0x0000000083f80000)
 Metaspace       used 56453K, capacity 58812K, committed 58968K, reserved 1099776K
  class space    used 7720K, capacity 8209K, committed 8320K, reserved 1048576K
Event: 19.220 GC heap after
Heap after GC invocations=15 (full 3):
 PSYoungGen      total 288256K, used 0K [0x00000000d5580000, 0x00000000e8b00000, 0x0000000100000000)
  eden space 268288K, 0% used [0x00000000d5580000,0x00000000d5580000,0x00000000e5b80000)
  from space 19968K, 0% used [0x00000000e6f00000,0x00000000e6f00000,0x00000000e8280000)
  to   space 19968K, 0% used [0x00000000e5b80000,0x00000000e5b80000,0x00000000e6f00000)
 ParOldGen       total 89088K, used 28819K [0x0000000080000000, 0x0000000085700000, 0x00000000d5580000)
  object space 89088K, 32% used [0x0000000080000000,0x0000000081c24f78,0x0000000085700000)
 Metaspace       used 56420K, capacity 58698K, committed 58968K, reserved 1099776K
  class space    used 7710K, capacity 8190K, committed 8320K, reserved 1048576K
}
Event: 33.778 GC heap before
{Heap before GC invocations=16 (full 3):
 PSYoungGen      total 288256K, used 268288K [0x00000000d5580000, 0x00000000e8b00000, 0x0000000100000000)
  eden space 268288K, 100% used [0x00000000d5580000,0x00000000e5b80000,0x00000000e5b80000)
  from space 19968K, 0% used [0x00000000e6f00000,0x00000000e6f00000,0x00000000e8280000)
  to   space 19968K, 0% used [0x00000000e5b80000,0x00000000e5b80000,0x00000000e6f00000)
 ParOldGen       total 89088K, used 28819K [0x0000000080000000, 0x0000000085700000, 0x00000000d5580000)
  object space 89088K, 32% used [0x0000000080000000,0x0000000081c24f78,0x0000000085700000)
 Metaspace       used 66356K, capacity 69508K, committed 69592K, reserved 1110016K
  class space    used 9097K, capacity 9717K, committed 9728K, reserved 1048576K
Event: 33.813 GC heap after
Heap after GC invocations=16 (full 3):
 PSYoungGen      total 288256K, used 17386K [0x00000000d5580000, 0x00000000f0080000, 0x0000000100000000)
  eden space 268288K, 0% used [0x00000000d5580000,0x00000000d5580000,0x00000000e5b80000)
  from space 19968K, 87% used [0x00000000e5b80000,0x00000000e6c7abe8,0x00000000e6f00000)
  to   space 22528K, 0% used [0x00000000eea80000,0x00000000eea80000,0x00000000f0080000)
 ParOldGen       total 89088K, used 28827K [0x0000000080000000, 0x0000000085700000, 0x00000000d5580000)
  object space 89088K, 32% used [0x0000000080000000,0x0000000081c26f78,0x0000000085700000)
 Metaspace       used 66356K, capacity 69508K, committed 69592K, reserved 1110016K
  class space    used 9097K, capacity 9717K, committed 9728K, reserved 1048576K
}
Event: 49.765 GC heap before
{Heap before GC invocations=17 (full 3):
 PSYoungGen      total 288256K, used 285674K [0x00000000d5580000, 0x00000000f0080000, 0x0000000100000000)
  eden space 268288K, 100% used [0x00000000d5580000,0x00000000e5b80000,0x00000000e5b80000)
  from space 19968K, 87% used [0x00000000e5b80000,0x00000000e6c7abe8,0x00000000e6f00000)
  to   space 22528K, 0% used [0x00000000eea80000,0x00000000eea80000,0x00000000f0080000)
 ParOldGen       total 89088K, used 28827K [0x0000000080000000, 0x0000000085700000, 0x00000000d5580000)
  object space 89088K, 32% used [0x0000000080000000,0x0000000081c26f78,0x0000000085700000)
 Metaspace       used 72535K, capacity 76126K, committed 76376K, reserved 1116160K
  class space    used 9892K, capacity 10568K, committed 10624K, reserved 1048576K
Event: 49.944 GC heap after
Heap after GC invocations=17 (full 3):
 PSYoungGen      total 290816K, used 22527K [0x00000000d5580000, 0x00000000f0080000, 0x0000000100000000)
  eden space 268288K, 0% used [0x00000000d5580000,0x00000000d5580000,0x00000000e5b80000)
  from space 22528K, 99% used [0x00000000eea80000,0x00000000f007ff18,0x00000000f0080000)
  to   space 19968K, 0% used [0x00000000e5b80000,0x00000000e5b80000,0x00000000e6f00000)
 ParOldGen       total 89088K, used 43167K [0x0000000080000000, 0x0000000085700000, 0x00000000d5580000)
  object space 89088K, 48% used [0x0000000080000000,0x0000000082a27e78,0x0000000085700000)
 Metaspace       used 72535K, capacity 76126K, committed 76376K, reserved 1116160K
  class space    used 9892K, capacity 10568K, committed 10624K, reserved 1048576K
}

