# JRE version: OpenJDK Runtime Environment (8.0_242-b01) (build 1.8.0_242-release-1644-b01)
# Java VM: OpenJDK 64-Bit Server VM (25.242-b01 mixed mode windows-amd64 compressed oops)
Heap:
 PSYoungGen      total 556544K, used 150300K [0x00000000d5580000, 0x00000000fee00000, 0x0000000100000000)
  eden space 517120K, 26% used [0x00000000d5580000,0x00000000dd9feb08,0x00000000f4e80000)
  from space 39424K, 37% used [0x00000000f4e80000,0x00000000f5cc8788,0x00000000f7500000)
  to   space 35328K, 0% used [0x00000000fcb80000,0x00000000fcb80000,0x00000000fee00000)
 ParOldGen       total 110080K, used 74365K [0x0000000080000000, 0x0000000086b80000, 0x00000000d5580000)
  object space 110080K, 67% used [0x0000000080000000,0x000000008489f440,0x0000000086b80000)
 Metaspace       used 77823K, capacity 81836K, committed 83416K, reserved 1120256K
  class space    used 10619K, capacity 11339K, committed 11776K, reserved 1048576K
GC Heap History (10 events):
Event: 16.437 GC heap before
{Heap before GC invocations=14 (full 3):
 PSYoungGen      total 541184K, used 541182K [0x00000000d5580000, 0x00000000fa100000, 0x0000000100000000)
  eden space 517120K, 100% used [0x00000000d5580000,0x00000000f4e80000,0x00000000f4e80000)
  from space 24064K, 99% used [0x00000000f7500000,0x00000000f8c7fad8,0x00000000f8c80000)
  to   space 39424K, 0% used [0x00000000f4e80000,0x00000000f4e80000,0x00000000f7500000)
 ParOldGen       total 110080K, used 66401K [0x0000000080000000, 0x0000000086b80000, 0x00000000d5580000)
  object space 110080K, 60% used [0x0000000080000000,0x00000000840d85d0,0x0000000086b80000)
 Metaspace       used 78033K, capacity 82970K, committed 83160K, reserved 1120256K
  class space    used 10793K, capacity 11672K, committed 11776K, reserved 1048576K
Event: 16.550 GC heap after
Heap after GC invocations=14 (full 3):
 PSYoungGen      total 556544K, used 8745K [0x00000000d5580000, 0x00000000fa100000, 0x0000000100000000)
  eden space 517120K, 0% used [0x00000000d5580000,0x00000000d5580000,0x00000000f4e80000)
  from space 39424K, 22% used [0x00000000f4e80000,0x00000000f570a6a8,0x00000000f7500000)
  to   space 24064K, 0% used [0x00000000f7500000,0x00000000f7500000,0x00000000f8c80000)
 ParOldGen       total 110080K, used 89589K [0x0000000080000000, 0x0000000086b80000, 0x00000000d5580000)
  object space 110080K, 81% used [0x0000000080000000,0x000000008577d718,0x0000000086b80000)
 Metaspace       used 78033K, capacity 82970K, committed 83160K, reserved 1120256K
  class space    used 10793K, capacity 11672K, committed 11776K, reserved 1048576K
}
Event: 16.551 GC heap before
{Heap before GC invocations=15 (full 4):
 PSYoungGen      total 556544K, used 8745K [0x00000000d5580000, 0x00000000fa100000, 0x0000000100000000)
  eden space 517120K, 0% used [0x00000000d5580000,0x00000000d5580000,0x00000000f4e80000)
  from space 39424K, 22% used [0x00000000f4e80000,0x00000000f570a6a8,0x00000000f7500000)
  to   space 24064K, 0% used [0x00000000f7500000,0x00000000f7500000,0x00000000f8c80000)
 ParOldGen       total 110080K, used 89589K [0x0000000080000000, 0x0000000086b80000, 0x00000000d5580000)
  object space 110080K, 81% used [0x0000000080000000,0x000000008577d718,0x0000000086b80000)
 Metaspace       used 78033K, capacity 82970K, committed 83160K, reserved 1120256K
  class space    used 10793K, capacity 11672K, committed 11776K, reserved 1048576K
Event: 17.087 GC heap after
Heap after GC invocations=15 (full 4):
 PSYoungGen      total 556544K, used 0K [0x00000000d5580000, 0x00000000fa100000, 0x0000000100000000)
  eden space 517120K, 0% used [0x00000000d5580000,0x00000000d5580000,0x00000000f4e80000)
  from space 39424K, 0% used [0x00000000f4e80000,0x00000000f4e80000,0x00000000f7500000)
  to   space 24064K, 0% used [0x00000000f7500000,0x00000000f7500000,0x00000000f8c80000)
 ParOldGen       total 110080K, used 87003K [0x0000000080000000, 0x0000000086b80000, 0x00000000d5580000)
  object space 110080K, 79% used [0x0000000080000000,0x00000000854f6c10,0x0000000086b80000)
 Metaspace       used 77469K, capacity 81494K, committed 83160K, reserved 1120256K
  class space    used 10597K, capacity 11324K, committed 11776K, reserved 1048576K
}
Event: 19.339 GC heap before
{Heap before GC invocations=16 (full 5):
 PSYoungGen      total 556544K, used 517120K [0x00000000d5580000, 0x00000000fa100000, 0x0000000100000000)
  eden space 517120K, 100% used [0x00000000d5580000,0x00000000f4e80000,0x00000000f4e80000)
  from space 39424K, 0% used [0x00000000f4e80000,0x00000000f4e80000,0x00000000f7500000)
  to   space 24064K, 0% used [0x00000000f7500000,0x00000000f7500000,0x00000000f8c80000)
 ParOldGen       total 110080K, used 87003K [0x0000000080000000, 0x0000000086b80000, 0x00000000d5580000)
  object space 110080K, 79% used [0x0000000080000000,0x00000000854f6c10,0x0000000086b80000)
 Metaspace       used 77558K, capacity 81600K, committed 83160K, reserved 1120256K
  class space    used 10612K, capacity 11333K, committed 11776K, reserved 1048576K
Event: 19.907 GC heap after
Heap after GC invocations=16 (full 5):
 PSYoungGen      total 556544K, used 0K [0x00000000d5580000, 0x00000000fa100000, 0x0000000100000000)
  eden space 517120K, 0% used [0x00000000d5580000,0x00000000d5580000,0x00000000f4e80000)
  from space 39424K, 0% used [0x00000000f4e80000,0x00000000f4e80000,0x00000000f7500000)
  to   space 24064K, 0% used [0x00000000f7500000,0x00000000f7500000,0x00000000f8c80000)
 ParOldGen       total 110080K, used 74349K [0x0000000080000000, 0x0000000086b80000, 0x00000000d5580000)
  object space 110080K, 67% used [0x0000000080000000,0x000000008489b440,0x0000000086b80000)
 Metaspace       used 77558K, capacity 81600K, committed 83160K, reserved 1120256K
  class space    used 10612K, capacity 11333K, committed 11776K, reserved 1048576K
}
Event: 22.088 GC heap before
{Heap before GC invocations=17 (full 5):
 PSYoungGen      total 556544K, used 517120K [0x00000000d5580000, 0x00000000fa100000, 0x0000000100000000)
  eden space 517120K, 100% used [0x00000000d5580000,0x00000000f4e80000,0x00000000f4e80000)
  from space 39424K, 0% used [0x00000000f4e80000,0x00000000f4e80000,0x00000000f7500000)
  to   space 24064K, 0% used [0x00000000f7500000,0x00000000f7500000,0x00000000f8c80000)
 ParOldGen       total 110080K, used 74349K [0x0000000080000000, 0x0000000086b80000, 0x00000000d5580000)
  object space 110080K, 67% used [0x0000000080000000,0x000000008489b440,0x0000000086b80000)
 Metaspace       used 77783K, capacity 81816K, committed 83416K, reserved 1120256K
  class space    used 10614K, capacity 11335K, committed 11776K, reserved 1048576K
Event: 22.161 GC heap after
Heap after GC invocations=17 (full 5):
 PSYoungGen      total 541184K, used 6048K [0x00000000d5580000, 0x00000000fa100000, 0x0000000100000000)
  eden space 517120K, 0% used [0x00000000d5580000,0x00000000d5580000,0x00000000f4e80000)
  from space 24064K, 25% used [0x00000000f7500000,0x00000000f7ae8010,0x00000000f8c80000)
  to   space 39424K, 0% used [0x00000000f4e80000,0x00000000f4e80000,0x00000000f7500000)
 ParOldGen       total 110080K, used 74357K [0x0000000080000000, 0x0000000086b80000, 0x00000000d5580000)
  object space 110080K, 67% used [0x0000000080000000,0x000000008489d440,0x0000000086b80000)
 Metaspace       used 77783K, capacity 81816K, committed 83416K, reserved 1120256K
  class space    used 10614K, capacity 11335K, committed 11776K, reserved 1048576K
}
Event: 24.062 GC heap before
{Heap before GC invocations=18 (full 5):
 PSYoungGen      total 541184K, used 523168K [0x00000000d5580000, 0x00000000fa100000, 0x0000000100000000)
  eden space 517120K, 100% used [0x00000000d5580000,0x00000000f4e80000,0x00000000f4e80000)
  from space 24064K, 25% used [0x00000000f7500000,0x00000000f7ae8010,0x00000000f8c80000)
  to   space 39424K, 0% used [0x00000000f4e80000,0x00000000f4e80000,0x00000000f7500000)
 ParOldGen       total 110080K, used 74357K [0x0000000080000000, 0x0000000086b80000, 0x00000000d5580000)
  object space 110080K, 67% used [0x0000000080000000,0x000000008489d440,0x0000000086b80000)
 Metaspace       used 77819K, capacity 81836K, committed 83416K, reserved 1120256K
  class space    used 10619K, capacity 11339K, committed 11776K, reserved 1048576K
Event: 24.122 GC heap after
Heap after GC invocations=18 (full 5):
 PSYoungGen      total 556544K, used 14625K [0x00000000d5580000, 0x00000000fee00000, 0x0000000100000000)
  eden space 517120K, 0% used [0x00000000d5580000,0x00000000d5580000,0x00000000f4e80000)
  from space 39424K, 37% used [0x00000000f4e80000,0x00000000f5cc8788,0x00000000f7500000)
  to   space 35328K, 0% used [0x00000000fcb80000,0x00000000fcb80000,0x00000000fee00000)
 ParOldGen       total 110080K, used 74365K [0x0000000080000000, 0x0000000086b80000, 0x00000000d5580000)
  object space 110080K, 67% used [0x0000000080000000,0x000000008489f440,0x0000000086b80000)
 Metaspace       used 77819K, capacity 81836K, committed 83416K, reserved 1120256K
  class space    used 10619K, capacity 11339K, committed 11776K, reserved 1048576K
}

